\BOOKMARK [0][-]{chapter.1}{\376\377\000G\000i\036\333\000i\000\040\000t\000h\000i\036\307\000u}{}% 1
\BOOKMARK [1][-]{section.1.1}{\376\377\001\020\036\331\000n\000g\000\040\000c\001\241\000\040\000c\036\347\000a\000\040\001\021\036\301\000\040\000t\000\340\000i}{chapter.1}% 2
\BOOKMARK [1][-]{section.1.2}{\376\377\000M\036\345\000c\000\040\000t\000i\000\352\000u}{chapter.1}% 3
\BOOKMARK [1][-]{section.1.3}{\376\377\000P\000h\036\241\000m\000\040\000v\000i}{chapter.1}% 4
\BOOKMARK [1][-]{section.1.4}{\376\377\000\335\000\040\000n\000g\000h\001\051\000a}{chapter.1}% 5
\BOOKMARK [2][-]{subsection.1.4.1}{\376\377\000\335\000\040\000n\000g\000h\001\051\000a\000\040\000t\000h\036\361\000c\000\040\000t\000i\036\305\000n}{section.1.4}% 6
\BOOKMARK [2][-]{subsection.1.4.2}{\376\377\000\335\000\040\000n\000g\000h\001\051\000a\000\040\000k\000h\000o\000a\000\040\000h\036\315\000c}{section.1.4}% 7
\BOOKMARK [1][-]{section.1.5}{\376\377\000C\036\245\000u\000\040\000t\000r\000\372\000c\000\040\000b\000\341\000o\000\040\000c\000\341\000o}{chapter.1}% 8
\BOOKMARK [0][-]{chapter.2}{\376\377\000K\000i\036\277\000n\000\040\000t\000h\036\351\000c\000\040\000v\000\340\000\040\000c\000\364\000n\000g\000\040\000n\000g\000h\036\307\000\040\000n\036\301\000n\000\040\000t\036\243\000n\000g}{}% 9
\BOOKMARK [1][-]{section.2.1}{\376\377\000C\000\341\000c\000\040\000L\001\051\000n\000h\000\040\000v\036\361\000c\000\040\000C\000\364\000n\000g\000\040\000n\000g\000h\036\307\000\040\000C\000h\000\355\000n\000h}{chapter.2}% 10
\BOOKMARK [1][-]{section.2.2}{\376\377\000N\036\301\000n\000\040\000t\036\243\000n\000g\000\040\000K\000i\036\277\000n\000\040\000t\000h\036\351\000c\000\040\000K\000h\000o\000a\000\040\000h\036\315\000c}{chapter.2}% 11
\BOOKMARK [1][-]{section.2.3}{\376\377\000K\036\277\000t\000\040\000c\000h\001\260\001\241\000n\000g}{chapter.2}% 12
\BOOKMARK [0][-]{chapter.3}{\376\377\000C\000\364\000n\000g\000\040\000t\000r\000\354\000n\000h\000\040\000l\000i\000\352\000n\000\040\000q\000u\000a\000n}{}% 13
\BOOKMARK [1][-]{section.3.1}{\376\377\000C\000\341\000c\000\040\000c\000\364\000n\000g\000\040\000t\000r\000\354\000n\000h\000\040\000n\000g\000h\000i\000\352\000n\000\040\000c\036\351\000u\000\040\000k\000h\000o\000a\000\040\000h\036\315\000c}{chapter.3}% 14
\BOOKMARK [1][-]{section.3.2}{\376\377\000C\000\341\000c\000\040\000h\036\307\000\040\000t\000h\036\321\000n\000g\000\040\000v\000\340\000\040\000p\000h\036\247\000n\000\040\000m\036\301\000m\000\040\000t\001\260\001\241\000n\000g\000\040\000t\036\361}{chapter.3}% 15
\BOOKMARK [1][-]{section.3.3}{\376\377\000K\036\277\000t\000\040\000c\000h\001\260\001\241\000n\000g\000\040\000v\000\340\000\040\000x\000\341\000c\000\040\001\021\036\313\000n\000h\000\040\000k\000h\000o\036\243\000n\000g\000\040\000t\000r\036\321\000n\000g\000\040\000n\000g\000h\000i\000\352\000n\000\040\000c\036\351\000u}{chapter.3}% 16
\BOOKMARK [0][-]{chapter.4}{\376\377\000H\036\307\000\040\000t\000h\036\321\000n\000g\000\040\001\021\036\301\000\040\000x\000u\036\245\000t}{}% 17
\BOOKMARK [1][-]{section.4.1}{\376\377\000M\000\364\000\040\000t\036\243\000\040\000h\036\307\000\040\000t\000h\036\321\000n\000g}{chapter.4}% 18
\BOOKMARK [1][-]{section.4.2}{\376\377\000H\001\260\036\333\000n\000g\000\040\000t\000i\036\277\000p\000\040\000c\036\255\000n\000\040\000t\000h\000i\036\277\000t\000\040\000k\036\277}{chapter.4}% 19
\BOOKMARK [1][-]{section.4.3}{\376\377\000Y\000\352\000u\000\040\000c\036\247\000u}{chapter.4}% 20
\BOOKMARK [2][-]{subsection.4.3.1}{\376\377\000Y\000\352\000u\000\040\000c\036\247\000u\000\040\000c\000h\036\351\000c\000\040\000n\001\003\000n\000g}{section.4.3}% 21
\BOOKMARK [2][-]{subsection.4.3.2}{\376\377\000Y\000\352\000u\000\040\000c\036\247\000u\000\040\000p\000h\000i\000\040\000c\000h\036\351\000c\000\040\000n\001\003\000n\000g}{section.4.3}% 22
\BOOKMARK [2][-]{subsection.4.3.3}{\376\377\000Y\000\352\000u\000\040\000c\036\247\000u\000\040\000d\036\357\000\040\000l\000i\036\307\000u}{section.4.3}% 23
\BOOKMARK [1][-]{section.4.4}{\376\377\000K\036\277\000t\000\040\000c\000h\001\260\001\241\000n\000g}{chapter.4}% 24
\BOOKMARK [0][-]{chapter.5}{\376\377\000P\000h\000\342\000n\000\040\000t\000\355\000c\000h\000\040\000v\000\340\000\040\000T\000h\000i\036\277\000t\000\040\000k\036\277}{}% 25
\BOOKMARK [1][-]{section.5.1}{\376\377\000P\000h\000\342\000n\000\040\000t\000\355\000c\000h}{chapter.5}% 26
\BOOKMARK [2][-]{subsection.5.1.1}{\376\377\000M\000\364\000\040\000h\000\354\000n\000h\000\040\000h\000\363\000a\000\040\000t\001\260\001\241\000n\000g\000\040\000t\000\341\000c\000\040\000\050\000B\000i\036\303\000u\000\040\001\021\036\323\000\040\000U\000s\000e\000c\000a\000s\000e\000\051}{section.5.1}% 27
\BOOKMARK [2][-]{subsection.5.1.2}{\376\377\000M\000\364\000\040\000h\000\354\000n\000h\000\040\000h\000o\000\341\000\040\000q\000u\000y\000\040\000t\000r\000\354\000n\000h\000\040\000n\000g\000h\000i\036\307\000p\000\040\000v\036\345\000\040\000\050\000A\000c\000t\000i\000v\000i\000t\000y\000\040\000d\000i\000a\000g\000r\000a\000m\000\051}{section.5.1}% 28
\BOOKMARK [1][-]{section.5.2}{\376\377\000G\000i\036\243\000i\000\040\000p\000h\000\341\000p\000\040\000c\000\364\000n\000g\000\040\000n\000g\000h\036\307}{chapter.5}% 29
\BOOKMARK [2][-]{subsection.5.2.1}{\376\377\000F\000r\000o\000n\000t\000-\000e\000n\000d}{section.5.2}% 30
\BOOKMARK [2][-]{subsection.5.2.2}{\376\377\000B\000a\000c\000k\000-\000e\000n\000d}{section.5.2}% 31
\BOOKMARK [1][-]{section.5.3}{\376\377\036\350\000n\000g\000\040\000d\036\345\000n\000g\000\040\000A\000I\000\040\000v\000\340\000o\000\040\000h\036\307\000\040\000t\000h\036\321\000n\000g}{chapter.5}% 32
\BOOKMARK [2][-]{subsection.5.3.1}{\376\377\000M\000o\000d\000u\000l\000e\000\040\0001\000:\000\040\000T\000\354\000m\000\040\000k\000i\036\277\000m\000\040\000n\000g\036\357\000\040\000n\000g\000h\001\051\000a\000\040\000\050\000S\000e\000m\000a\000n\000t\000i\000c\000\040\000S\000e\000a\000r\000c\000h\000\051}{section.5.3}% 33
\BOOKMARK [2][-]{subsection.5.3.2}{\376\377\000M\000o\000d\000u\000l\000e\000\040\0002\000:\000\040\000H\036\307\000\040\000t\000h\036\321\000n\000g\000\040\000g\036\343\000i\000\040\000\375\000\040\000\050\000R\000e\000c\000o\000m\000m\000e\000n\000d\000a\000t\000i\000o\000n\000\051}{section.5.3}% 34
\BOOKMARK [1][-]{section.5.4}{\376\377\000T\000h\000i\036\277\000t\000\040\000k\036\277}{chapter.5}% 35
\BOOKMARK [2][-]{subsection.5.4.1}{\376\377\000K\000i\036\277\000n\000\040\000t\000r\000\372\000c\000\040\000h\036\307\000\040\000t\000h\036\321\000n\000g}{section.5.4}% 36
\BOOKMARK [2][-]{subsection.5.4.2}{\376\377\000T\000h\000i\036\277\000t\000\040\000k\036\277\000\040\000c\001\241\000\040\000s\036\337\000\040\000d\036\357\000\040\000l\000i\036\307\000u}{section.5.4}% 37
\BOOKMARK [2][-]{subsection.5.4.3}{\376\377\000T\000h\000i\036\277\000t\000\040\000k\036\277\000\040\000c\000h\000i\000\040\000t\000i\036\277\000t\000\040\000b\000\352\000n\000\040\000t\000r\000o\000n\000g}{section.5.4}% 38
\BOOKMARK [2][-]{subsection.5.4.4}{\376\377\000T\000h\000i\036\277\000t\000\040\000k\036\277\000\040\000g\000i\000a\000o\000\040\000d\000i\036\307\000n}{section.5.4}% 39
\BOOKMARK [0][-]{chapter.6}{\376\377\000H\000i\036\307\000n\000\040\000t\000h\036\361\000c\000\040\000h\036\307\000\040\000t\000h\036\321\000n\000g}{}% 40
\BOOKMARK [1][-]{section.6.1}{\376\377\000C\036\245\000u\000\040\000t\000r\000\372\000c\000\040\000m\000\343\000\040\000n\000g\000u\036\323\000n}{chapter.6}% 41
\BOOKMARK [2][-]{subsection.6.1.1}{\376\377\000M\000\343\000\040\000n\000g\000u\036\323\000n\000\040\000F\000r\000o\000n\000t\000e\000n\000d\000\040\000\050\000G\000i\000a\000o\000\040\000d\000i\036\307\000n\000\040\000n\000g\001\260\036\335\000i\000\040\000d\000\371\000n\000g\000\051}{section.6.1}% 42
\BOOKMARK [2][-]{subsection.6.1.2}{\376\377\000M\000\343\000\040\000n\000g\000u\036\323\000n\000\040\000B\000a\000c\000k\000e\000n\000d\000\040\000\050\000M\000\341\000y\000\040\000c\000h\036\347\000\040\036\351\000n\000g\000\040\000d\036\345\000n\000g\000\051}{section.6.1}% 43
\BOOKMARK [2][-]{subsection.6.1.3}{\376\377\000M\000\343\000\040\000n\000g\000u\036\323\000n\000\040\000A\000I\000\040\000M\000o\000d\000u\000l\000e\000\040\000\050\000T\000r\000\355\000\040\000t\000u\036\307\000\040\000n\000h\000\342\000n\000\040\000t\036\241\000o\000\051}{section.6.1}% 44
\BOOKMARK [2][-]{subsection.6.1.4}{\376\377\000H\000i\036\307\000n\000\040\000t\000h\036\361\000c\000\040\000A\000I}{section.6.1}% 45
\BOOKMARK [1][-]{section.6.2}{\376\377\000D\000a\000n\000h\000\040\000s\000\341\000c\000h\000\040\000h\000i\036\307\000n\000\040\000t\000h\036\361\000c\000\040\000c\000h\036\351\000c\000\040\000n\001\003\000n\000g\000\040\000t\000h\000e\000o\000\040\000A\000P\000I}{chapter.6}% 46
\BOOKMARK [2][-]{subsection.6.2.1}{\376\377\001\020\001\003\000n\000g\000\040\000k\000\375\000\040\000v\000\340\000\040\000X\000\341\000c\000\040\000t\000h\036\361\000c\000\040\000t\000\340\000i\000\040\000k\000h\000o\036\243\000n}{section.6.2}% 47
\BOOKMARK [2][-]{subsection.6.2.2}{\376\377\001\020\001\003\000n\000g\000\040\000n\000h\036\255\000p\000\040\000h\036\307\000\040\000t\000h\036\321\000n\000g}{section.6.2}% 48
\BOOKMARK [2][-]{subsection.6.2.3}{\376\377\001\020\001\003\000n\000g\000\040\000n\000h\036\255\000p\000\040\000b\036\261\000n\000g\000\040\000G\000o\000o\000g\000l\000e\000\040}{section.6.2}% 49
\BOOKMARK [2][-]{subsection.6.2.4}{\376\377\000K\000h\000\364\000i\000\040\000p\000h\036\345\000c\000\040\000m\036\255\000t\000\040\000k\000h\036\251\000u}{section.6.2}% 50
\BOOKMARK [2][-]{subsection.6.2.5}{\376\377\000T\000h\000a\000n\000h\000\040\001\021\000i\036\301\000u\000\040\000h\001\260\036\333\000n\000g}{section.6.2}% 51
\BOOKMARK [2][-]{subsection.6.2.6}{\376\377\000Q\000u\036\243\000n\000\040\000l\000\375\000\040\000t\000h\000\364\000n\000g\000\040\000t\000i\000n\000\040\000c\000\341\000\040\000n\000h\000\342\000n}{section.6.2}% 52
\BOOKMARK [2][-]{subsection.6.2.7}{\376\377\000B\036\243\000n\000g\000\040\001\021\000i\036\301\000u\000\040\000k\000h\000i\036\303\000n\000\040\001\020\036\331\000c\000\040\000g\000i\036\243}{section.6.2}% 53
\BOOKMARK [2][-]{subsection.6.2.8}{\376\377\000K\000h\000\341\000m\000\040\000p\000h\000\341\000\040\000v\000\340\000\040\000T\000\354\000m\000\040\000k\000i\036\277\000m\000\040\000t\000\340\000i\000\040\000l\000i\036\307\000u}{section.6.2}% 54
\BOOKMARK [2][-]{subsection.6.2.9}{\376\377\000D\000a\000n\000h\000\040\000s\000\341\000c\000h\000\040\000s\000\341\000c\000h\000\040\000y\000\352\000u\000\040\000t\000h\000\355\000c\000h\000\040\000v\000\340\000\040\000T\000h\000\364\000n\000g\000\040\000b\000\341\000o}{section.6.2}% 55
\BOOKMARK [2][-]{subsection.6.2.10}{\376\377\000N\000g\000h\000i\036\307\000p\000\040\000v\036\345\000\040\000M\001\260\036\343\000n\000\040\000s\000\341\000c\000h}{section.6.2}% 56
\BOOKMARK [2][-]{subsection.6.2.11}{\376\377\000N\000g\000h\000i\036\307\000p\000\040\000v\036\345\000\040\001\020\036\267\000t\000\040\000t\000r\001\260\036\333\000c\000\040\000s\000\341\000c\000h}{section.6.2}% 57
\BOOKMARK [2][-]{subsection.6.2.12}{\376\377\001\020\000\341\000n\000h\000\040\000g\000i\000\341\000\040\000v\000\340\000\040\000N\000h\036\255\000n\000\040\000x\000\351\000t\000\040\036\245\000n\000\040\000p\000h\036\251\000m}{section.6.2}% 58
\BOOKMARK [2][-]{subsection.6.2.13}{\376\377\000L\036\313\000c\000h\000\040\000s\036\355\000\040\000t\000\354\000m\000\040\000k\000i\036\277\000m}{section.6.2}% 59
\BOOKMARK [2][-]{subsection.6.2.14}{\376\377\000H\036\307\000\040\000t\000h\036\321\000n\000g\000\040\000T\000h\000\364\000n\000g\000\040\000b\000\341\000o\000\040\000v\000\340\000\040\000N\000h\036\257\000c\000\040\000n\000h\036\337\000\040\000\050\000R\000e\000a\000l\000-\000t\000i\000m\000e\000\040\000N\000o\000t\000i\000f\000i\000c\000a\000t\000i\000o\000n\000s\000\051}{section.6.2}% 60
\BOOKMARK [2][-]{subsection.6.2.15}{\376\377\000N\000g\000h\000i\036\307\000p\000\040\000v\036\345\000\040\000T\000r\036\243\000\040\000s\000\341\000c\000h\000\040\000v\000\340\000\040\000X\036\355\000\040\000l\000\375\000\040\000s\036\361\000\040\000c\036\321}{section.6.2}% 61
\BOOKMARK [2][-]{subsection.6.2.16}{\376\377\000K\000h\000\341\000m\000\040\000p\000h\000\341\000\040\000v\000\340\000\040\001\020\036\301\000\040\000x\000u\036\245\000t\000\040\036\245\000n\000\040\000p\000h\036\251\000m}{section.6.2}% 62
\BOOKMARK [2][-]{subsection.6.2.17}{\376\377\000B\036\243\000n\000g\000\040\001\021\000i\036\301\000u\000\040\000k\000h\000i\036\303\000n\000\040\000T\000h\036\347\000\040\000t\000h\001\260}{section.6.2}% 63
\BOOKMARK [2][-]{subsection.6.2.18}{\376\377\000Q\000u\036\243\000n\000\040\000l\000\375\000\040\000B\036\243\000n\000\040\000s\000a\000o\000\040}{section.6.2}% 64
\BOOKMARK [2][-]{subsection.6.2.19}{\376\377\000Q\000u\036\243\000n\000\040\000l\000\375\000\040\036\244\000n\000\040\000p\000h\036\251\000m}{section.6.2}% 65
\BOOKMARK [2][-]{subsection.6.2.20}{\376\377\000T\036\241\000o\000\040\000m\036\333\000i\000\040\036\245\000n\000\040\000p\000h\036\251\000m}{section.6.2}% 66
\BOOKMARK [2][-]{subsection.6.2.21}{\376\377\000N\000g\000h\000i\036\307\000p\000\040\000v\036\345\000\040\000T\000r\036\243\000\040\000s\000\341\000c\000h\000\040\000v\000\340\000\040\000X\036\355\000\040\000l\000\375\000\040\000s\036\361\000\040\000c\036\321}{section.6.2}% 67
\BOOKMARK [2][-]{subsection.6.2.22}{\376\377\000N\000g\000h\000i\036\307\000p\000\040\000v\036\345\000\040\000T\000h\000u\000\040\000p\000h\000\355\000\040\000p\000h\036\241\000t}{section.6.2}% 68
\BOOKMARK [2][-]{subsection.6.2.23}{\376\377\000Q\000u\036\243\000n\000\040\000l\000\375\000\040\000v\000\340\000\040\000X\000e\000m\000\040\000d\000a\000n\000h\000\040\000s\000\341\000c\000h\000\040\000m\001\260\036\343\000n\000\040\000t\000r\036\243}{section.6.2}% 69
\BOOKMARK [0][-]{chapter.7}{\376\377\000K\000i\036\303\000m\000\040\000t\000h\036\355}{}% 70
\BOOKMARK [1][-]{section.7.1}{\376\377\000K\000i\036\303\000m\000\040\000t\000h\036\355\000\040\000p\000h\036\247\000n\000\040\000m\036\301\000m\000\040\000v\000\340\000\040\000c\000h\000i\036\277\000n\000\040\000l\001\260\036\343\000c\000\040\000k\000i\036\303\000m\000\040\000t\000h\036\355}{chapter.7}% 71
\BOOKMARK [2][-]{subsection.7.1.1}{\376\377\000K\000i\036\303\000m\000\040\000t\000h\036\355\000\040\001\021\001\241\000n\000\040\000v\036\313}{section.7.1}% 72
\BOOKMARK [2][-]{subsection.7.1.2}{\376\377\000K\000i\036\303\000m\000\040\000t\000h\036\355\000\040\000t\000\355\000c\000h\000\040\000h\036\343\000p}{section.7.1}% 73
\BOOKMARK [2][-]{subsection.7.1.3}{\376\377\000K\000i\036\303\000m\000\040\000t\000h\036\355\000\040\000A\000P\000I}{section.7.1}% 74
\BOOKMARK [2][-]{subsection.7.1.4}{\376\377\000K\000i\036\303\000m\000\040\000t\000h\036\355\000\040\000h\000i\036\307\000u\000\040\000n\001\003\000n\000g}{section.7.1}% 75
\BOOKMARK [1][-]{section.7.2}{\376\377\000K\000i\036\303\000m\000\040\000t\000h\036\355\000\040\001\021\001\241\000n\000\040\000v\036\313}{chapter.7}% 76
\BOOKMARK [2][-]{subsection.7.2.1}{\376\377\000F\000r\000a\000m\000e\000w\000o\000r\000k\000\040\000k\000i\036\303\000m\000\040\000t\000h\036\355\000\040\000B\000a\000c\000k\000e\000n\000d\000\040\000\050\000J\000U\000n\000i\000t\000\040\0005\000\040\000+\000\040\000M\000o\000c\000k\000i\000t\000o\000\051}{section.7.2}% 77
\BOOKMARK [2][-]{subsection.7.2.2}{\376\377\000F\000r\000a\000m\000e\000w\000o\000r\000k\000\040\000k\000i\036\303\000m\000\040\000t\000h\036\355\000\040\000F\000r\000o\000n\000t\000e\000n\000d\000\040\000\050\000J\000e\000s\000t\000\051}{section.7.2}% 78
\BOOKMARK [2][-]{subsection.7.2.3}{\376\377\000T\000h\000i\036\277\000t\000\040\000k\036\277\000\040\000t\000e\000s\000t\000\040\000c\000a\000s\000e}{section.7.2}% 79
\BOOKMARK [2][-]{subsection.7.2.4}{\376\377\000D\000a\000n\000h\000\040\000s\000\341\000c\000h\000\040\000t\000e\000s\000t\000\040\000c\000a\000s\000e}{section.7.2}% 80
\BOOKMARK [2][-]{subsection.7.2.5}{\376\377\000K\036\277\000t\000\040\000q\000u\036\243}{section.7.2}% 81
\BOOKMARK [1][-]{section.7.3}{\376\377\000K\000i\036\303\000m\000\040\000t\000h\036\355\000\040\000t\000\355\000c\000h\000\040\000h\036\343\000p}{chapter.7}% 82
\BOOKMARK [2][-]{subsection.7.3.1}{\376\377\000C\000h\000i\036\277\000n\000\040\000l\001\260\036\343\000c\000\040\000k\000i\036\303\000m\000\040\000t\000h\036\355}{section.7.3}% 83
\BOOKMARK [2][-]{subsection.7.3.2}{\376\377\000T\000h\000i\036\277\000t\000\040\000k\036\277\000\040\000t\000e\000s\000t\000\040\000c\000a\000s\000e}{section.7.3}% 84
\BOOKMARK [2][-]{subsection.7.3.3}{\376\377\000K\036\277\000t\000\040\000q\000u\036\243}{section.7.3}% 85
\BOOKMARK [1][-]{section.7.4}{\376\377\000K\000i\036\303\000m\000\040\000t\000h\036\355\000\040\000A\000P\000I}{chapter.7}% 86
\BOOKMARK [2][-]{subsection.7.4.1}{\376\377\000G\000i\036\333\000i\000\040\000t\000h\000i\036\307\000u\000\040\000c\000\364\000n\000g\000\040\000c\036\345}{section.7.4}% 87
\BOOKMARK [2][-]{subsection.7.4.2}{\376\377\000B\036\331\000\040\000t\000e\000s\000t\000\040\000c\000o\000l\000l\000e\000c\000t\000i\000o\000n}{section.7.4}% 88
\BOOKMARK [2][-]{subsection.7.4.3}{\376\377\000K\036\277\000t\000\040\000q\000u\036\243}{section.7.4}% 89
\BOOKMARK [1][-]{section.7.5}{\376\377\000K\000i\036\303\000m\000\040\000t\000h\036\355\000\040\000h\000i\036\307\000u\000\040\000n\001\003\000n\000g}{chapter.7}% 90
\BOOKMARK [2][-]{subsection.7.5.1}{\376\377\000G\000i\036\333\000i\000\040\000t\000h\000i\036\307\000u\000\040\000c\000\364\000n\000g\000\040\000c\036\345}{section.7.5}% 91
\BOOKMARK [2][-]{subsection.7.5.2}{\376\377\000C\036\245\000u\000\040\000h\000\354\000n\000h\000\040\000k\000i\036\303\000m\000\040\000t\000h\036\355}{section.7.5}% 92
\BOOKMARK [2][-]{subsection.7.5.3}{\376\377\000K\036\277\000t\000\040\000q\000u\036\243}{section.7.5}% 93
\BOOKMARK [1][-]{section.7.6}{\376\377\000T\036\325\000n\000g\000\040\000k\036\277\000t}{chapter.7}% 94
\BOOKMARK [0][-]{chapter.8}{\376\377\000T\000r\000i\036\303\000n\000\040\000k\000h\000a\000i\000\040\000h\036\307\000\040\000t\000h\036\321\000n\000g}{}% 95
\BOOKMARK [1][-]{section.8.1}{\376\377\000C\000o\000n\000t\000a\000i\000n\000e\000r\000\040\000h\000\363\000a\000\040\000v\036\333\000i\000\040\000D\000o\000c\000k\000e\000r}{chapter.8}% 96
\BOOKMARK [2][-]{subsection.8.1.1}{\376\377\000G\000i\036\333\000i\000\040\000t\000h\000i\036\307\000u\000\040\000D\000o\000c\000k\000e\000r}{section.8.1}% 97
\BOOKMARK [2][-]{subsection.8.1.2}{\376\377\000C\036\245\000u\000\040\000h\000\354\000n\000h\000\040\000m\000\364\000i\000\040\000t\000r\001\260\036\335\000n\000g\000\040\000p\000h\000\341\000t\000\040\000t\000r\000i\036\303\000n\000\040\000c\036\345\000c\000\040\000b\036\331}{section.8.1}% 98
\BOOKMARK [1][-]{section.8.2}{\376\377\000D\000o\000c\000k\000e\000r\000f\000i\000l\000e\000\040\001\021\000a\000\040\000g\000i\000a\000i\000\040\001\021\000o\036\241\000n}{chapter.8}% 99
\BOOKMARK [2][-]{subsection.8.2.1}{\376\377\000B\000a\000c\000k\000e\000n\000d\000\040\000D\000o\000c\000k\000e\000r\000f\000i\000l\000e}{section.8.2}% 100
\BOOKMARK [2][-]{subsection.8.2.2}{\376\377\000F\000r\000o\000n\000t\000e\000n\000d\000\040\000D\000o\000c\000k\000e\000r\000f\000i\000l\000e}{section.8.2}% 101
\BOOKMARK [1][-]{section.8.3}{\376\377\000N\000g\000i\000n\000x\000\040\040\024\000\040\000R\000e\000v\000e\000r\000s\000e\000\040\000P\000r\000o\000x\000y}{chapter.8}% 102
\BOOKMARK [2][-]{subsection.8.3.1}{\376\377\000V\000a\000i\000\040\000t\000r\000\362\000\040\000c\036\347\000a\000\040\000N\000g\000i\000n\000x}{section.8.3}% 103
\BOOKMARK [2][-]{subsection.8.3.2}{\376\377\000C\036\245\000u\000\040\000h\000\354\000n\000h\000\040\001\021\036\313\000n\000h\000\040\000t\000u\000y\036\277\000n}{section.8.3}% 104
\BOOKMARK [1][-]{section.8.4}{\376\377\000M\000\364\000i\000\040\000t\000r\001\260\036\335\000n\000g\000\040\000s\036\243\000n\000\040\000x\000u\036\245\000t}{chapter.8}% 105
\BOOKMARK [2][-]{subsection.8.4.1}{\376\377\000D\000o\000c\000k\000e\000r\000\040\000C\000o\000m\000p\000o\000s\000e\000\040\000s\036\243\000n\000\040\000x\000u\036\245\000t}{section.8.4}% 106
\BOOKMARK [2][-]{subsection.8.4.2}{\376\377\000Q\000u\036\243\000n\000\040\000l\000\375\000\040\000b\000i\036\277\000n\000\040\000m\000\364\000i\000\040\000t\000r\001\260\036\335\000n\000g\000\040\000v\000\340\000\040\000b\036\243\000o\000\040\000m\036\255\000t}{section.8.4}% 107
\BOOKMARK [2][-]{subsection.8.4.3}{\376\377\000F\000l\000y\000w\000a\000y\000\040\000M\000i\000g\000r\000a\000t\000i\000o\000n\000\040\000t\036\361\000\040\001\021\036\331\000n\000g}{section.8.4}% 108
\BOOKMARK [2][-]{subsection.8.4.4}{\376\377\000S\001\241\000\040\001\021\036\323\000\040\000k\000i\036\277\000n\000\040\000t\000r\000\372\000c\000\040\000t\000r\000i\036\303\000n\000\040\000k\000h\000a\000i}{section.8.4}% 109
\BOOKMARK [1][-]{section.8.5}{\376\377\000Q\000u\000y\000\040\000t\000r\000\354\000n\000h\000\040\000t\000r\000i\036\303\000n\000\040\000k\000h\000a\000i}{chapter.8}% 110
\BOOKMARK [1][-]{section.8.6}{\376\377\000H\036\241\000\040\000t\036\247\000n\000g\000\040\000m\036\241\000n\000g\000:\000\040\000V\000P\000S\000,\000\040\000D\000o\000m\000a\000i\000n\000\040\000v\000\340\000\040\000H\000T\000T\000P\000S}{chapter.8}% 111
\BOOKMARK [2][-]{subsection.8.6.1}{\376\377\000M\000\341\000y\000\040\000c\000h\036\347\000\040\036\243\000o\000\040\000\050\000V\000P\000S\000\051}{section.8.6}% 112
\BOOKMARK [2][-]{subsection.8.6.2}{\376\377\000T\000\352\000n\000\040\000m\000i\036\301\000n\000\040\000\050\000D\000o\000m\000a\000i\000n\000\051}{section.8.6}% 113
\BOOKMARK [2][-]{subsection.8.6.3}{\376\377\000H\000T\000T\000P\000S\000\040\000v\000\340\000\040\000S\000S\000L\000/\000T\000L\000S\000\040\000C\000e\000r\000t\000i\000f\000i\000c\000a\000t\000e}{section.8.6}% 114
\BOOKMARK [2][-]{subsection.8.6.4}{\376\377\000T\036\325\000n\000g\000\040\000c\000h\000i\000\040\000p\000h\000\355\000\040\000v\036\255\000n\000\040\000h\000\340\000n\000h}{section.8.6}% 115
\BOOKMARK [0][-]{chapter.9}{\376\377\000T\036\325\000n\000g\000\040\000k\036\277\000t}{}% 116
\BOOKMARK [1][-]{section.9.1}{\376\377\000K\036\277\000t\000\040\000q\000u\036\243\000\040\001\021\036\241\000t\000\040\001\021\001\260\036\343\000c}{chapter.9}% 117
\BOOKMARK [2][-]{subsection.9.1.1}{\376\377\000K\000i\036\277\000n\000\040\000t\000r\000\372\000c\000\040\000p\000h\036\247\000n\000\040\000m\036\301\000m}{section.9.1}% 118
\BOOKMARK [2][-]{subsection.9.1.2}{\376\377\000T\000\355\000c\000h\000\040\000h\036\343\000p\000\040\000T\000r\000\355\000\040\000t\000u\036\307\000\040\000n\000h\000\342\000n\000\040\000t\036\241\000o}{section.9.1}% 119
\BOOKMARK [2][-]{subsection.9.1.3}{\376\377\000K\000i\036\303\000m\000\040\000t\000h\036\355}{section.9.1}% 120
\BOOKMARK [2][-]{subsection.9.1.4}{\376\377\000T\000r\000i\036\303\000n\000\040\000k\000h\000a\000i\000\040\000h\036\307\000\040\000t\000h\036\321\000n\000g}{section.9.1}% 121
\BOOKMARK [1][-]{section.9.2}{\376\377\000N\000h\036\255\000n\000\040\000x\000\351\000t\000\040\000v\000\340\000\040\001\021\000\341\000n\000h\000\040\000g\000i\000\341}{chapter.9}% 122
\BOOKMARK [0][-]{chapter.10}{\376\377\000T\000\340\000i\000\040\000n\000g\000u\000y\000\352\000n\000\040\000v\000\340\000\040\000M\000\343\000\040\000n\000g\000u\036\323\000n\000\040\000d\036\361\000\040\000\341\000n}{}% 123
\BOOKMARK [0][-]{table.caption.134}{\376\377\000T\000\340\000i\000\040\000l\000i\036\307\000u\000\040\000t\000h\000a\000m\000\040\000k\000h\036\243\000o}{}% 124
